<?xml version="1.0" encoding="UTF-8"?>
<testng-results skipped="0" failed="0" ignored="0" total="1" passed="1">
  <reporter-output>
  </reporter-output>
  <suite name="Default suite" duration-ms="33253" started-at="2020-02-10T12:53:43 CST" finished-at="2020-02-10T12:54:17 CST">
    <groups>
    </groups>
    <test name="Default test" duration-ms="33253" started-at="2020-02-10T12:53:43 CST" finished-at="2020-02-10T12:54:17 CST">
      <class name="SeleniumAcademy.GoogleSearch.BasicSearch">
        <test-method status="PASS" signature="setUp()[pri:0, instance:SeleniumAcademy.GoogleSearch.BasicSearch@5ec4ff02]" name="setUp" is-config="true" duration-ms="31302" started-at="2020-02-10T12:53:44 CST" finished-at="2020-02-10T12:54:15 CST">
          <reporter-output>
          </reporter-output>
        </test-method> <!-- setUp -->
        <test-method status="PASS" signature="fillTextBox()[pri:0, instance:SeleniumAcademy.GoogleSearch.BasicSearch@5ec4ff02]" name="fillTextBox" duration-ms="463" started-at="2020-02-10T12:54:15 CST" finished-at="2020-02-10T12:54:15 CST">
          <reporter-output>
          </reporter-output>
        </test-method> <!-- fillTextBox -->
        <test-method status="PASS" signature="tearDown()[pri:0, instance:SeleniumAcademy.GoogleSearch.BasicSearch@5ec4ff02]" name="tearDown" is-config="true" duration-ms="1303" started-at="2020-02-10T12:54:15 CST" finished-at="2020-02-10T12:54:17 CST">
          <reporter-output>
          </reporter-output>
        </test-method> <!-- tearDown -->
      </class> <!-- SeleniumAcademy.GoogleSearch.BasicSearch -->
    </test> <!-- Default test -->
  </suite> <!-- Default suite -->
</testng-results>
